# Copyright (c) 2004-2009 Nokia Corporation and/or its subsidiary(-ies).
# All rights reserved.
# This component and the accompanying materials are made available
# under the terms of "Eclipse Public License v1.0"
# which accompanies this distribution, and is available
# at the URL "http://www.eclipse.org/legal/epl-v10.html".
#
# Initial Contributors:
# Nokia Corporation - initial contribution.
#
# Contributors:
#
# Description:
#

component	bluetooth_avrcp
source		\sf\mw\btservices\bluetoothappprofiles\avrcp

binary		\sf\mw\btservices\bluetoothappprofiles\avrcp	all
exports		\sf\mw\btservices\bluetoothappprofiles\avrcp
notes_source	\component_defs\release.src


ipr E 

